# JRE version: OpenJDK Runtime Environment (17.0.9) (build 17.0.9+0--11185874)
# Java VM: OpenJDK 64-Bit Server VM (17.0.9+0--11185874, mixed mode, tiered, compressed oops, compressed class ptrs, g1 gc, windows-amd64)
GC Precious Log:
 CPUs: 4 total, 4 available
 Memory: 3900M
 Large Page Support: Disabled
 NUMA Support: Disabled
 Compressed Oops: Enabled (Zero based)
 Heap Region Size: 2M
 Heap Min Capacity: 8M
 Heap Initial Capacity: 62M
 Heap Max Capacity: 4G
 Pre-touch: Disabled
 Parallel Workers: 4
 Concurrent Workers: 1
 Concurrent Refinement Workers: 4
 Periodic GC: Disabled
Heap:
 garbage-first heap   total 112640K, used 75662K [0x0000000700000000, 0x0000000800000000)
  region size 2048K, 8 young (16384K), 1 survivors (2048K)
 Metaspace       used 80881K, committed 81472K, reserved 1179648K
  class space    used 10866K, committed 11136K, reserved 1048576K
GC Heap History (20 events):
Event: 73.261 GC heap before
{Heap before GC invocations=31 (full 0):
 garbage-first heap   total 71680K, used 57322K [0x0000000700000000, 0x0000000800000000)
  region size 2048K, 11 young (22528K), 2 survivors (4096K)
 Metaspace       used 64791K, committed 65344K, reserved 1114112K
  class space    used 8933K, committed 9216K, reserved 1048576K
}
Event: 73.280 GC heap after
{Heap after GC invocations=32 (full 0):
 garbage-first heap   total 71680K, used 40846K [0x0000000700000000, 0x0000000800000000)
  region size 2048K, 2 young (4096K), 2 survivors (4096K)
 Metaspace       used 64791K, committed 65344K, reserved 1114112K
  class space    used 8933K, committed 9216K, reserved 1048576K
}
Event: 76.114 GC heap before
{Heap before GC invocations=33 (full 0):
 garbage-first heap   total 75776K, used 57230K [0x0000000700000000, 0x0000000800000000)
  region size 2048K, 10 young (20480K), 2 survivors (4096K)
 Metaspace       used 68427K, committed 68992K, reserved 1114112K
  class space    used 9332K, committed 9600K, reserved 1048576K
}
Event: 76.191 GC heap after
{Heap after GC invocations=34 (full 0):
 garbage-first heap   total 75776K, used 43153K [0x0000000700000000, 0x0000000800000000)
  region size 2048K, 2 young (4096K), 2 survivors (4096K)
 Metaspace       used 68427K, committed 68992K, reserved 1114112K
  class space    used 9332K, committed 9600K, reserved 1048576K
}
Event: 82.422 GC heap before
{Heap before GC invocations=34 (full 0):
 garbage-first heap   total 75776K, used 57489K [0x0000000700000000, 0x0000000800000000)
  region size 2048K, 10 young (20480K), 2 survivors (4096K)
 Metaspace       used 71994K, committed 72640K, reserved 1114112K
  class space    used 9813K, committed 10112K, reserved 1048576K
}
Event: 82.474 GC heap after
{Heap after GC invocations=35 (full 0):
 garbage-first heap   total 75776K, used 45163K [0x0000000700000000, 0x0000000800000000)
  region size 2048K, 1 young (2048K), 1 survivors (2048K)
 Metaspace       used 71994K, committed 72640K, reserved 1114112K
  class space    used 9813K, committed 10112K, reserved 1048576K
}
Event: 88.370 GC heap before
{Heap before GC invocations=36 (full 0):
 garbage-first heap   total 81920K, used 57451K [0x0000000700000000, 0x0000000800000000)
  region size 2048K, 8 young (16384K), 1 survivors (2048K)
 Metaspace       used 72119K, committed 72704K, reserved 1114112K
  class space    used 9816K, committed 10112K, reserved 1048576K
}
Event: 88.403 GC heap after
{Heap after GC invocations=37 (full 0):
 garbage-first heap   total 81920K, used 47836K [0x0000000700000000, 0x0000000800000000)
  region size 2048K, 1 young (2048K), 1 survivors (2048K)
 Metaspace       used 72119K, committed 72704K, reserved 1114112K
  class space    used 9816K, committed 10112K, reserved 1048576K
}
Event: 90.534 GC heap before
{Heap before GC invocations=37 (full 0):
 garbage-first heap   total 81920K, used 49884K [0x0000000700000000, 0x0000000800000000)
  region size 2048K, 3 young (6144K), 1 survivors (2048K)
 Metaspace       used 72127K, committed 72704K, reserved 1114112K
  class space    used 9816K, committed 10112K, reserved 1048576K
}
Event: 90.569 GC heap after
{Heap after GC invocations=38 (full 0):
 garbage-first heap   total 81920K, used 50509K [0x0000000700000000, 0x0000000800000000)
  region size 2048K, 2 young (4096K), 2 survivors (4096K)
 Metaspace       used 72127K, committed 72704K, reserved 1114112K
  class space    used 9816K, committed 10112K, reserved 1048576K
}
Event: 92.273 GC heap before
{Heap before GC invocations=39 (full 0):
 garbage-first heap   total 96256K, used 54605K [0x0000000700000000, 0x0000000800000000)
  region size 2048K, 4 young (8192K), 2 survivors (4096K)
 Metaspace       used 72150K, committed 72704K, reserved 1114112K
  class space    used 9818K, committed 10112K, reserved 1048576K
}
Event: 92.294 GC heap after
{Heap after GC invocations=40 (full 0):
 garbage-first heap   total 96256K, used 57159K [0x0000000700000000, 0x0000000800000000)
  region size 2048K, 1 young (2048K), 1 survivors (2048K)
 Metaspace       used 72150K, committed 72704K, reserved 1114112K
  class space    used 9818K, committed 10112K, reserved 1048576K
}
Event: 95.290 GC heap before
{Heap before GC invocations=41 (full 0):
 garbage-first heap   total 102400K, used 71495K [0x0000000700000000, 0x0000000800000000)
  region size 2048K, 7 young (14336K), 1 survivors (2048K)
 Metaspace       used 72988K, committed 73600K, reserved 1114112K
  class space    used 9939K, committed 10240K, reserved 1048576K
}
Event: 95.434 GC heap after
{Heap after GC invocations=42 (full 0):
 garbage-first heap   total 102400K, used 61924K [0x0000000700000000, 0x0000000800000000)
  region size 2048K, 1 young (2048K), 1 survivors (2048K)
 Metaspace       used 72988K, committed 73600K, reserved 1114112K
  class space    used 9939K, committed 10240K, reserved 1048576K
}
Event: 99.204 GC heap before
{Heap before GC invocations=42 (full 0):
 garbage-first heap   total 102400K, used 74212K [0x0000000700000000, 0x0000000800000000)
  region size 2048K, 7 young (14336K), 1 survivors (2048K)
 Metaspace       used 74441K, committed 75072K, reserved 1114112K
  class space    used 10126K, committed 10432K, reserved 1048576K
}
Event: 99.234 GC heap after
{Heap after GC invocations=43 (full 0):
 garbage-first heap   total 102400K, used 62453K [0x0000000700000000, 0x0000000800000000)
  region size 2048K, 1 young (2048K), 1 survivors (2048K)
 Metaspace       used 74441K, committed 75072K, reserved 1114112K
  class space    used 10126K, committed 10432K, reserved 1048576K
}
Event: 107.013 GC heap before
{Heap before GC invocations=44 (full 0):
 garbage-first heap   total 112640K, used 74741K [0x0000000700000000, 0x0000000800000000)
  region size 2048K, 7 young (14336K), 1 survivors (2048K)
 Metaspace       used 76081K, committed 76736K, reserved 1179648K
  class space    used 10335K, committed 10624K, reserved 1048576K
}
Event: 107.018 GC heap after
{Heap after GC invocations=45 (full 0):
 garbage-first heap   total 112640K, used 62841K [0x0000000700000000, 0x0000000800000000)
  region size 2048K, 1 young (2048K), 1 survivors (2048K)
 Metaspace       used 76081K, committed 76736K, reserved 1179648K
  class space    used 10335K, committed 10624K, reserved 1048576K
}
Event: 110.503 GC heap before
{Heap before GC invocations=45 (full 0):
 garbage-first heap   total 112640K, used 79225K [0x0000000700000000, 0x0000000800000000)
  region size 2048K, 10 young (20480K), 1 survivors (2048K)
 Metaspace       used 79223K, committed 79808K, reserved 1179648K
  class space    used 10676K, committed 10944K, reserved 1048576K
}
Event: 110.514 GC heap after
{Heap after GC invocations=46 (full 0):
 garbage-first heap   total 112640K, used 63374K [0x0000000700000000, 0x0000000800000000)
  region size 2048K, 1 young (2048K), 1 survivors (2048K)
 Metaspace       used 79223K, committed 79808K, reserved 1179648K
  class space    used 10676K, committed 10944K, reserved 1048576K
}

